Mon Jan 13 15:32:31 UTC 2025 daily submit
Tue Jan 14 10:38:42 UTC 2025 daily submit
Wed Jan 15 10:40:50 UTC 2025 daily submit
Thu Jan 16 10:39:48 UTC 2025 daily submit
Fri Jan 17 10:39:23 UTC 2025 daily submit
Sat Jan 18 10:36:21 UTC 2025 daily submit
Sun Jan 19 10:45:25 UTC 2025 daily submit
Mon Jan 20 10:42:46 UTC 2025 daily submit
Tue Jan 21 10:40:44 UTC 2025 daily submit
Wed Jan 22 10:43:06 UTC 2025 daily submit
Thu Jan 23 10:40:55 UTC 2025 daily submit
Fri Jan 24 10:41:28 UTC 2025 daily submit
Sat Jan 25 10:36:28 UTC 2025 daily submit
Sun Jan 26 10:42:38 UTC 2025 daily submit
Sun Jan 26 15:53:05 UTC 2025 daily submit
Mon Jan 27 10:42:21 UTC 2025 daily submit
Tue Jan 28 10:40:10 UTC 2025 daily submit
Wed Jan 29 10:39:43 UTC 2025 daily submit
Thu Jan 30 10:38:58 UTC 2025 daily submit
Fri Jan 31 10:40:38 UTC 2025 daily submit
Sat Feb  1 10:43:43 UTC 2025 daily submit
Sun Feb  2 10:42:36 UTC 2025 daily submit
Mon Feb  3 10:41:33 UTC 2025 daily submit
Tue Feb  4 10:41:05 UTC 2025 daily submit
Wed Feb  5 10:42:34 UTC 2025 daily submit
Thu Feb  6 10:42:58 UTC 2025 daily submit
Fri Feb  7 10:43:40 UTC 2025 daily submit
Sat Feb  8 10:39:05 UTC 2025 daily submit
